ARM GAS  /var/folders/ls/xtnbpyh15yxdpzgvzlqj4t780000gn/T//cch7lxou.s 			page 1


   1              		.cpu cortex-m4
   2              		.arch armv7e-m
   3              		.fpu fpv4-sp-d16
   4              		.eabi_attribute 27, 1
   5              		.eabi_attribute 28, 1
   6              		.eabi_attribute 20, 1
   7              		.eabi_attribute 21, 1
   8              		.eabi_attribute 23, 3
   9              		.eabi_attribute 24, 1
  10              		.eabi_attribute 25, 1
  11              		.eabi_attribute 26, 1
  12              		.eabi_attribute 30, 1
  13              		.eabi_attribute 34, 1
  14              		.eabi_attribute 18, 4
  15              		.file	"debug_uart.c"
  16              		.text
  17              	.Ltext0:
  18              		.cfi_sections	.debug_frame
  19              		.file 1 "Core/Src/debug_uart.c"
  20              		.section	.text.__io_putchar,"ax",%progbits
  21              		.align	1
  22              		.global	__io_putchar
  23              		.syntax unified
  24              		.thumb
  25              		.thumb_func
  27              	__io_putchar:
  28              	.LVL0:
  29              	.LFB134:
   1:Core/Src/debug_uart.c **** /*
   2:Core/Src/debug_uart.c ****  * debug_uart.c
   3:Core/Src/debug_uart.c ****  *
   4:Core/Src/debug_uart.c ****  *  Created on: Jul 1, 2024
   5:Core/Src/debug_uart.c ****  *      Author: renaud
   6:Core/Src/debug_uart.c ****  */
   7:Core/Src/debug_uart.c **** 
   8:Core/Src/debug_uart.c **** // To use this function :
   9:Core/Src/debug_uart.c **** // - activate uart (choose 2 or 3 according to Nucleo Board)
  10:Core/Src/debug_uart.c **** // - include this file to your project
  11:Core/Src/debug_uart.c **** // - create a new COM console (on the right COM)
  12:Core/Src/debug_uart.c **** 
  13:Core/Src/debug_uart.c **** 
  14:Core/Src/debug_uart.c **** // This definition allow to redirect printf to uart
  15:Core/Src/debug_uart.c **** 
  16:Core/Src/debug_uart.c **** #include "main.h"
  17:Core/Src/debug_uart.c **** extern UART_HandleTypeDef huart2;
  18:Core/Src/debug_uart.c **** 
  19:Core/Src/debug_uart.c **** 
  20:Core/Src/debug_uart.c **** #define PUTCHAR_PROTOTYPE int __io_putchar(int c)
  21:Core/Src/debug_uart.c **** 
  22:Core/Src/debug_uart.c **** PUTCHAR_PROTOTYPE
  23:Core/Src/debug_uart.c **** {
  30              		.loc 1 23 1 view -0
  31              		.cfi_startproc
  32              		@ args = 0, pretend = 0, frame = 8
  33              		@ frame_needed = 0, uses_anonymous_args = 0
  34              		.loc 1 23 1 is_stmt 0 view .LVU1
  35 0000 00B5     		push	{lr}
ARM GAS  /var/folders/ls/xtnbpyh15yxdpzgvzlqj4t780000gn/T//cch7lxou.s 			page 2


  36              		.cfi_def_cfa_offset 4
  37              		.cfi_offset 14, -4
  38 0002 83B0     		sub	sp, sp, #12
  39              		.cfi_def_cfa_offset 16
  40 0004 0190     		str	r0, [sp, #4]
  24:Core/Src/debug_uart.c **** 	/* Place your implementation of fputc here */
  25:Core/Src/debug_uart.c **** 	/* e.g. write a character to the USART and Loop until the end of transmission */
  26:Core/Src/debug_uart.c **** 	/* change to have the good uart ! */
  27:Core/Src/debug_uart.c **** 	HAL_UART_Transmit(&huart2, (uint8_t *)&c, 1, 0xFFFF);
  41              		.loc 1 27 2 is_stmt 1 view .LVU2
  42 0006 4FF6FF73 		movw	r3, #65535
  43 000a 0122     		movs	r2, #1
  44 000c 01A9     		add	r1, sp, #4
  45 000e 0348     		ldr	r0, .L3
  46              	.LVL1:
  47              		.loc 1 27 2 is_stmt 0 view .LVU3
  48 0010 FFF7FEFF 		bl	HAL_UART_Transmit
  49              	.LVL2:
  28:Core/Src/debug_uart.c **** 
  29:Core/Src/debug_uart.c **** 	return c;
  50              		.loc 1 29 2 is_stmt 1 view .LVU4
  30:Core/Src/debug_uart.c **** }
  51              		.loc 1 30 1 is_stmt 0 view .LVU5
  52 0014 0198     		ldr	r0, [sp, #4]
  53 0016 03B0     		add	sp, sp, #12
  54              		.cfi_def_cfa_offset 4
  55              		@ sp needed
  56 0018 5DF804FB 		ldr	pc, [sp], #4
  57              	.L4:
  58              		.align	2
  59              	.L3:
  60 001c 00000000 		.word	huart2
  61              		.cfi_endproc
  62              	.LFE134:
  64              		.text
  65              	.Letext0:
  66              		.file 2 "/Users/antoinemg/Library/Application Support/Code/User/globalStorage/bmd.stm32-for-vscode
  67              		.file 3 "/Users/antoinemg/Library/Application Support/Code/User/globalStorage/bmd.stm32-for-vscode
  68              		.file 4 "Drivers/CMSIS/Device/ST/STM32F4xx/Include/stm32f446xx.h"
  69              		.file 5 "Drivers/STM32F4xx_HAL_Driver/Inc/stm32f4xx_hal_def.h"
  70              		.file 6 "Drivers/STM32F4xx_HAL_Driver/Inc/stm32f4xx_hal_dma.h"
  71              		.file 7 "Drivers/STM32F4xx_HAL_Driver/Inc/stm32f4xx_hal_uart.h"
ARM GAS  /var/folders/ls/xtnbpyh15yxdpzgvzlqj4t780000gn/T//cch7lxou.s 			page 3


DEFINED SYMBOLS
                            *ABS*:00000000 debug_uart.c
/var/folders/ls/xtnbpyh15yxdpzgvzlqj4t780000gn/T//cch7lxou.s:21     .text.__io_putchar:00000000 $t
/var/folders/ls/xtnbpyh15yxdpzgvzlqj4t780000gn/T//cch7lxou.s:27     .text.__io_putchar:00000000 __io_putchar
/var/folders/ls/xtnbpyh15yxdpzgvzlqj4t780000gn/T//cch7lxou.s:60     .text.__io_putchar:0000001c $d

UNDEFINED SYMBOLS
HAL_UART_Transmit
huart2
